<?xml version="1.0" encoding="UTF-8"?>
<testsuite xmlns:xsi="http://www.w3.org/2001/XMLSchema-instance" xsi:noNamespaceSchemaLocation="https://maven.apache.org/surefire/maven-surefire-plugin/xsd/surefire-test-report.xsd" version="3.0.2" name="step.learning.java231web.rest.RestStatusTest" time="0.008" tests="6" errors="0" skipped="0" failures="0">
  <properties>
[...]
</properties>
  <testcase name="testStandardServerErrorStatuses" classname="step.learning.java231web.rest.RestStatusTest" time="0.001"/>
  <testcase name="testCustomStatusCreationAndChaining" classname="step.learning.java231web.rest.RestStatusTest" time="0.002"/>
  <testcase name="testProposedNonStandardStatusesForHomework" classname="step.learning.java231web.rest.RestStatusTest" time="0.0"/>
  <testcase name="testStandardClientErrorStatuses" classname="step.learning.java231web.rest.RestStatusTest" time="0.0"/>
  <testcase name="testStandardSuccessStatuses" classname="step.learning.java231web.rest.RestStatusTest" time="0.0"/>
  <testcase name="testNonStandardStatusesFromLecture" classname="step.learning.java231web.rest.RestStatusTest" time="0.0"/>
</testsuite>